
accuracy for bert-uncased: 0.5126708646905237
accuracy for bert-large-uncased: 0.48725234219013974
accuracy for roberta-base: 0.49738903394255873
accuracy for roberta-large: 0.5220396252495776
accuracy for deberta-base: 0.4888649976962064
accuracy for deberta-large: 0.5201965903855015
F1 scores
f1 score for bert-uncased (weighted): 0.24191266908124817
f1 score for bert-large-uncased (weighted): 0.3174669700778577
f1 score for roberta-base (weighted): 0.29697132954147565
f1 score for roberta-large (weighted): 0.3385373773159602
f1 score for deberta-base (weighted): 0.3170319144374309
f1 score for deberta-large (weighted): 0.3395999208398134
f1 score for bert-uncased (macro): 0.16691939082661103
f1 score for bert-large-uncased (macro): 0.2695939816828627
f1 score for roberta-base (macro): 0.25323999340304165
f1 score for roberta-large (macro): 0.29354155627190104
f1 score for deberta-base (macro): 0.26874974711093474
f1 score for deberta-large (macro): 0.2988116271661447
f1 score for bert-uncased (micro): 0.2681012434958991
f1 score for bert-large-uncased (micro): 0.321149012567325
f1 score for roberta-base (micro): 0.3015666794038976
f1 score for roberta-large (micro): 0.3426675923783075
f1 score for deberta-base (micro): 0.3189392841617157
f1 score for deberta-large (micro): 0.34384882375626685
f1 score for bert-uncased (None): [0.         0.03146067 0.21414141 0.0776699  0.30545455 0.28365385
 0.22997172 0.04545455 0.13897281 0.36711479 0.03375527 0.37660485
 0.         0.         0.14883721 0.11604096 0.28056112 0.48367953
 0.03809524]
f1 score for bert-large-uncased (None): [0.08450704 0.20591716 0.2539185  0.28220859 0.33764633 0.27488152
 0.27322404 0.21276596 0.29580574 0.4        0.37057221 0.42592593
 0.14765101 0.04347826 0.24358974 0.22666667 0.33169935 0.54939107
 0.16243655]
f1 score for roberta-base (None): [0.07446809 0.19363057 0.25505443 0.2972973  0.32878493 0.2647386
 0.2546523  0.22380952 0.2962963  0.35582155 0.33333333 0.38797423
 0.07936508 0.         0.20869565 0.22516556 0.31392405 0.525
 0.19354839]
f1 score for roberta-large (None): [0.10328638 0.23529412 0.30555556 0.33121019 0.36412677 0.30861244
 0.2875817  0.23592493 0.27906977 0.41947566 0.43076923 0.43153527
 0.14893617 0.03636364 0.24156306 0.25112108 0.34351145 0.56779661
 0.25555556]
f1 score for deberta-base (None): [0.07305936 0.20790021 0.23876404 0.30434783 0.35170604 0.2675
 0.27388535 0.23041475 0.31042129 0.3810549  0.35827664 0.43902439
 0.16666667 0.         0.22932331 0.25652174 0.32192414 0.54545455
 0.15      ]
f1 score for deberta-large (None): [0.10714286 0.23469388 0.30409357 0.35294118 0.36971351 0.31228473
 0.24236038 0.26130653 0.35897436 0.40338983 0.43652561 0.42414861
 0.1732852  0.         0.27891156 0.27350427 0.35959222 0.54981084
 0.23474178]
